/home/hcchengaa/miniconda3/envs/big2rl/bin/python



 Training
Found log directory: big2rl_checkpoints/big2rl
Saving arguments to big2rl_checkpoints/big2rl/meta.json
Path to meta file already exists. Not overriding meta.
Saving messages to big2rl_checkpoints/big2rl/out.log
Path to message file already exists. New data will be appended.
Saving logs data to big2rl_checkpoints/big2rl/logs.csv
Saving logs' fields to big2rl_checkpoints/big2rl/fields.csv
Path to log file already exists. New data will be appended.
[INFO:17935 utils:95 2022-04-15 09:07:35,391] Device cpu Actor 1 started.
[INFO:17934 utils:95 2022-04-15 09:07:35,396] Device cpu Actor 0 started.
[INFO:17936 utils:95 2022-04-15 09:07:35,519] Device cpu Actor 2 started.
[INFO:17937 utils:95 2022-04-15 09:07:35,549] Device cpu Actor 3 started.
[INFO:17938 utils:95 2022-04-15 09:07:35,742] Device cpu Actor 4 started.
[INFO:17925 deep_mc:249 2022-04-15 09:07:36,166] After 0 frames: @ 0.0 fps - Stats:
{'loss': 0, 'mean_episode_return_actor': 0}
[INFO:17925 deep_mc:249 2022-04-15 09:07:41,171] After 0 frames: @ 0.0 fps - Stats:
{'loss': 0, 'mean_episode_return_actor': 0}
[INFO:17925 deep_mc:249 2022-04-15 09:07:46,176] After 0 frames: @ 0.0 fps - Stats:
{'loss': 0, 'mean_episode_return_actor': 0}
[INFO:17925 deep_mc:249 2022-04-15 09:07:51,181] After 0 frames: @ 0.0 fps - Stats:
{'loss': 0, 'mean_episode_return_actor': 0}
[INFO:17925 deep_mc:249 2022-04-15 09:07:56,186] After 0 frames: @ 0.0 fps - Stats:
{'loss': 0, 'mean_episode_return_actor': 0}
[INFO:17925 deep_mc:249 2022-04-15 09:08:01,191] After 0 frames: @ 0.0 fps - Stats:
{'loss': 0, 'mean_episode_return_actor': 0}
[INFO:17925 deep_mc:249 2022-04-15 09:08:06,196] After 0 frames: @ 0.0 fps - Stats:
{'loss': 0, 'mean_episode_return_actor': 0}
[INFO:17925 deep_mc:249 2022-04-15 09:08:11,201] After 0 frames: @ 0.0 fps - Stats:
{'loss': 0, 'mean_episode_return_actor': 0}
[INFO:17925 deep_mc:249 2022-04-15 09:08:16,206] After 0 frames: @ 0.0 fps - Stats:
{'loss': 0, 'mean_episode_return_actor': 0}
[INFO:17925 deep_mc:249 2022-04-15 09:08:21,211] After 0 frames: @ 0.0 fps - Stats:
{'loss': 0, 'mean_episode_return_actor': 0}
[INFO:17925 deep_mc:249 2022-04-15 09:08:26,216] After 3200 frames: @ 639.4 fps - Stats:
{'loss': 94.8448715209961, 'mean_episode_return_actor': 1.090000033378601}
[INFO:17925 deep_mc:249 2022-04-15 09:08:31,221] After 3200 frames: @ 0.0 fps - Stats:
{'loss': 94.8448715209961, 'mean_episode_return_actor': 1.090000033378601}
[INFO:17925 deep_mc:249 2022-04-15 09:08:36,226] After 3200 frames: @ 0.0 fps - Stats:
{'loss': 94.8448715209961, 'mean_episode_return_actor': 1.090000033378601}
[INFO:17925 deep_mc:249 2022-04-15 09:08:41,231] After 3200 frames: @ 0.0 fps - Stats:
{'loss': 94.8448715209961, 'mean_episode_return_actor': 1.090000033378601}
[INFO:17925 deep_mc:249 2022-04-15 09:08:46,236] After 3200 frames: @ 0.0 fps - Stats:
{'loss': 94.8448715209961, 'mean_episode_return_actor': 1.090000033378601}
[INFO:17925 deep_mc:249 2022-04-15 09:08:51,241] After 3200 frames: @ 0.0 fps - Stats:
{'loss': 94.8448715209961, 'mean_episode_return_actor': 1.090000033378601}
[INFO:17925 deep_mc:249 2022-04-15 09:08:56,246] After 3200 frames: @ 0.0 fps - Stats:
{'loss': 94.8448715209961, 'mean_episode_return_actor': 1.090000033378601}
[INFO:17925 deep_mc:249 2022-04-15 09:09:01,251] After 3200 frames: @ 0.0 fps - Stats:
{'loss': 94.8448715209961, 'mean_episode_return_actor': 1.090000033378601}
[INFO:17925 deep_mc:249 2022-04-15 09:09:06,256] After 6400 frames: @ 639.4 fps - Stats:
{'loss': 63.76578140258789, 'mean_episode_return_actor': 0.6013725399971008}
[INFO:17925 deep_mc:249 2022-04-15 09:09:11,261] After 6400 frames: @ 0.0 fps - Stats:
{'loss': 63.76578140258789, 'mean_episode_return_actor': 0.6013725399971008}
[INFO:17925 deep_mc:249 2022-04-15 09:09:16,266] After 6400 frames: @ 0.0 fps - Stats:
{'loss': 63.76578140258789, 'mean_episode_return_actor': 0.6013725399971008}
[INFO:17925 deep_mc:249 2022-04-15 09:09:21,271] After 6400 frames: @ 0.0 fps - Stats:
{'loss': 63.76578140258789, 'mean_episode_return_actor': 0.6013725399971008}
[INFO:17925 deep_mc:249 2022-04-15 09:09:26,276] After 6400 frames: @ 0.0 fps - Stats:
{'loss': 63.76578140258789, 'mean_episode_return_actor': 0.6013725399971008}
[INFO:17925 deep_mc:249 2022-04-15 09:09:31,281] After 6400 frames: @ 0.0 fps - Stats:
{'loss': 63.76578140258789, 'mean_episode_return_actor': 0.6013725399971008}
[INFO:17925 deep_mc:249 2022-04-15 09:09:36,286] After 6400 frames: @ 0.0 fps - Stats:
{'loss': 63.76578140258789, 'mean_episode_return_actor': 0.6013725399971008}
[INFO:17925 deep_mc:249 2022-04-15 09:09:41,291] After 6400 frames: @ 0.0 fps - Stats:
{'loss': 63.76578140258789, 'mean_episode_return_actor': 0.6013725399971008}
[INFO:17925 deep_mc:249 2022-04-15 09:09:46,296] After 6400 frames: @ 0.0 fps - Stats:
{'loss': 63.76578140258789, 'mean_episode_return_actor': 0.6013725399971008}
[INFO:17925 deep_mc:249 2022-04-15 09:09:51,301] After 9600 frames: @ 639.4 fps - Stats:
{'loss': 68.31733703613281, 'mean_episode_return_actor': 0.2944335639476776}
[INFO:17925 deep_mc:249 2022-04-15 09:09:56,306] After 9600 frames: @ 0.0 fps - Stats:
{'loss': 68.31733703613281, 'mean_episode_return_actor': 0.2944335639476776}
[INFO:17925 deep_mc:249 2022-04-15 09:10:01,311] After 9600 frames: @ 0.0 fps - Stats:
{'loss': 68.31733703613281, 'mean_episode_return_actor': 0.2944335639476776}
[INFO:17925 deep_mc:249 2022-04-15 09:10:06,316] After 9600 frames: @ 0.0 fps - Stats:
{'loss': 68.31733703613281, 'mean_episode_return_actor': 0.2944335639476776}
[INFO:17925 deep_mc:249 2022-04-15 09:10:11,321] After 9600 frames: @ 0.0 fps - Stats:
{'loss': 68.31733703613281, 'mean_episode_return_actor': 0.2944335639476776}
[INFO:17925 deep_mc:249 2022-04-15 09:10:16,326] After 9600 frames: @ 0.0 fps - Stats:
{'loss': 68.31733703613281, 'mean_episode_return_actor': 0.2944335639476776}
[INFO:17925 deep_mc:249 2022-04-15 09:10:21,331] After 9600 frames: @ 0.0 fps - Stats:
{'loss': 68.31733703613281, 'mean_episode_return_actor': 0.2944335639476776}
srun: Job step aborted: Waiting up to 32 seconds for job step to finish.
srun: got SIGCONT
slurmstepd: error: *** JOB 617846 ON hhnode-ib-35 CANCELLED AT 2022-04-15T09:10:23 ***
srun: forcing job termination
slurmstepd: error: *** STEP 617846.1 ON hhnode-ib-35 CANCELLED AT 2022-04-15T09:10:23 ***
