Lmod has detected the following error: The following module(s) are unknown:
"python"

Please check the spelling or version number. Also try "module spider ..."
It is also possible your cache file is out-of-date; it may help to try:
  $ module --ignore-cache load "python"

Also make sure that all modulefiles written in TCL start with the string
#%Module



/var/spool/slurm/d/job617845/slurm_script: line 32: activate: No such file or directory
/home/hcchengaa/miniconda3/envs/big2rl/bin/python



 Training
Found log directory: big2rl_checkpoints/big2rl
Saving arguments to big2rl_checkpoints/big2rl/meta.json
Path to meta file already exists. Not overriding meta.
Saving messages to big2rl_checkpoints/big2rl/out.log
Path to message file already exists. New data will be appended.
Saving logs data to big2rl_checkpoints/big2rl/logs.csv
Saving logs' fields to big2rl_checkpoints/big2rl/fields.csv
Path to log file already exists. New data will be appended.
[INFO:17455 utils:95 2022-04-15 08:47:21,198] Device cpu Actor 1 started.
[INFO:17454 utils:95 2022-04-15 08:47:21,199] Device cpu Actor 0 started.
[INFO:17457 utils:95 2022-04-15 08:47:21,534] Device cpu Actor 3 started.
[INFO:17456 utils:95 2022-04-15 08:47:21,536] Device cpu Actor 2 started.
[INFO:17458 utils:95 2022-04-15 08:47:21,693] Device cpu Actor 4 started.
[INFO:17446 deep_mc:249 2022-04-15 08:47:21,980] After 0 frames: @ 0.0 fps - Stats:
{'loss': 0, 'mean_episode_return_actor': 0}
[INFO:17446 deep_mc:249 2022-04-15 08:47:26,985] After 0 frames: @ 0.0 fps - Stats:
{'loss': 0, 'mean_episode_return_actor': 0}
[INFO:17446 deep_mc:249 2022-04-15 08:47:31,990] After 0 frames: @ 0.0 fps - Stats:
{'loss': 0, 'mean_episode_return_actor': 0}
[INFO:17446 deep_mc:249 2022-04-15 08:47:36,995] After 0 frames: @ 0.0 fps - Stats:
{'loss': 0, 'mean_episode_return_actor': 0}
[INFO:17446 deep_mc:249 2022-04-15 08:47:42,000] After 0 frames: @ 0.0 fps - Stats:
{'loss': 0, 'mean_episode_return_actor': 0}
[INFO:17446 deep_mc:249 2022-04-15 08:47:47,005] After 0 frames: @ 0.0 fps - Stats:
{'loss': 0, 'mean_episode_return_actor': 0}
[INFO:17446 deep_mc:249 2022-04-15 08:47:52,010] After 0 frames: @ 0.0 fps - Stats:
{'loss': 0, 'mean_episode_return_actor': 0}
[INFO:17446 deep_mc:249 2022-04-15 08:47:57,015] After 0 frames: @ 0.0 fps - Stats:
{'loss': 0, 'mean_episode_return_actor': 0}
[INFO:17446 deep_mc:249 2022-04-15 08:48:02,020] After 0 frames: @ 0.0 fps - Stats:
{'loss': 0, 'mean_episode_return_actor': 0}
[INFO:17446 deep_mc:249 2022-04-15 08:48:07,025] After 0 frames: @ 0.0 fps - Stats:
{'loss': 0, 'mean_episode_return_actor': 0}
[INFO:17446 deep_mc:249 2022-04-15 08:48:12,030] After 0 frames: @ 0.0 fps - Stats:
{'loss': 82.32565307617188, 'mean_episode_return_actor': -0.05076142027974129}
[INFO:17446 deep_mc:249 2022-04-15 08:48:17,035] After 3200 frames: @ 639.4 fps - Stats:
{'loss': 82.32565307617188, 'mean_episode_return_actor': -0.05076142027974129}
[INFO:17446 deep_mc:249 2022-04-15 08:48:22,040] After 3200 frames: @ 0.0 fps - Stats:
{'loss': 82.32565307617188, 'mean_episode_return_actor': -0.05076142027974129}
[INFO:17446 deep_mc:249 2022-04-15 08:48:27,045] After 3200 frames: @ 0.0 fps - Stats:
{'loss': 82.32565307617188, 'mean_episode_return_actor': -0.05076142027974129}
[INFO:17446 deep_mc:249 2022-04-15 08:48:32,050] After 3200 frames: @ 0.0 fps - Stats:
{'loss': 82.32565307617188, 'mean_episode_return_actor': -0.05076142027974129}
[INFO:17446 deep_mc:249 2022-04-15 08:48:37,055] After 3200 frames: @ 0.0 fps - Stats:
{'loss': 82.32565307617188, 'mean_episode_return_actor': -0.05076142027974129}
[INFO:17446 deep_mc:249 2022-04-15 08:48:42,060] After 3200 frames: @ 0.0 fps - Stats:
{'loss': 82.32565307617188, 'mean_episode_return_actor': -0.05076142027974129}
[INFO:17446 deep_mc:249 2022-04-15 08:48:47,065] After 3200 frames: @ 0.0 fps - Stats:
{'loss': 82.32565307617188, 'mean_episode_return_actor': -0.05076142027974129}
[INFO:17446 deep_mc:249 2022-04-15 08:48:52,070] After 6400 frames: @ 639.4 fps - Stats:
{'loss': 58.316532135009766, 'mean_episode_return_actor': -0.21415622532367706}
[INFO:17446 deep_mc:249 2022-04-15 08:48:57,075] After 6400 frames: @ 0.0 fps - Stats:
{'loss': 58.316532135009766, 'mean_episode_return_actor': -0.21415622532367706}
[INFO:17446 deep_mc:249 2022-04-15 08:49:02,080] After 6400 frames: @ 0.0 fps - Stats:
{'loss': 58.316532135009766, 'mean_episode_return_actor': -0.21415622532367706}
[INFO:17446 deep_mc:249 2022-04-15 08:49:07,085] After 6400 frames: @ 0.0 fps - Stats:
{'loss': 58.316532135009766, 'mean_episode_return_actor': -0.21415622532367706}
[INFO:17446 deep_mc:249 2022-04-15 08:49:12,090] After 6400 frames: @ 0.0 fps - Stats:
{'loss': 58.316532135009766, 'mean_episode_return_actor': -0.21415622532367706}
[INFO:17446 deep_mc:249 2022-04-15 08:49:17,095] After 6400 frames: @ 0.0 fps - Stats:
{'loss': 58.316532135009766, 'mean_episode_return_actor': -0.21415622532367706}
[INFO:17446 deep_mc:249 2022-04-15 08:49:22,100] After 6400 frames: @ 0.0 fps - Stats:
{'loss': 58.316532135009766, 'mean_episode_return_actor': -0.21415622532367706}
[INFO:17446 deep_mc:249 2022-04-15 08:49:27,105] After 6400 frames: @ 0.0 fps - Stats:
{'loss': 58.316532135009766, 'mean_episode_return_actor': -0.21415622532367706}
[INFO:17446 deep_mc:249 2022-04-15 08:49:32,110] After 6400 frames: @ 0.0 fps - Stats:
{'loss': 58.316532135009766, 'mean_episode_return_actor': -0.21415622532367706}
[INFO:17446 deep_mc:249 2022-04-15 08:49:37,115] After 9600 frames: @ 639.4 fps - Stats:
{'loss': 104.33944702148438, 'mean_episode_return_actor': -0.13789276778697968}
[INFO:17446 deep_mc:249 2022-04-15 08:49:42,120] After 9600 frames: @ 0.0 fps - Stats:
{'loss': 104.33944702148438, 'mean_episode_return_actor': -0.13789276778697968}
[INFO:17446 deep_mc:249 2022-04-15 08:49:47,125] After 9600 frames: @ 0.0 fps - Stats:
{'loss': 104.33944702148438, 'mean_episode_return_actor': -0.13789276778697968}
[INFO:17446 deep_mc:249 2022-04-15 08:49:52,130] After 9600 frames: @ 0.0 fps - Stats:
{'loss': 104.33944702148438, 'mean_episode_return_actor': -0.13789276778697968}
[INFO:17446 deep_mc:249 2022-04-15 08:49:57,135] After 9600 frames: @ 0.0 fps - Stats:
{'loss': 104.33944702148438, 'mean_episode_return_actor': -0.13789276778697968}
[INFO:17446 deep_mc:249 2022-04-15 08:50:02,140] After 9600 frames: @ 0.0 fps - Stats:
{'loss': 104.33944702148438, 'mean_episode_return_actor': -0.13789276778697968}
[INFO:17446 deep_mc:249 2022-04-15 08:50:07,145] After 9600 frames: @ 0.0 fps - Stats:
{'loss': 104.33944702148438, 'mean_episode_return_actor': -0.13789276778697968}
[INFO:17446 deep_mc:249 2022-04-15 08:50:12,150] After 9600 frames: @ 0.0 fps - Stats:
{'loss': 104.33944702148438, 'mean_episode_return_actor': -0.13789276778697968}
[INFO:17446 deep_mc:249 2022-04-15 08:50:17,155] After 12800 frames: @ 639.4 fps - Stats:
{'loss': 72.68733215332031, 'mean_episode_return_actor': -0.5450083613395691}
[INFO:17446 deep_mc:249 2022-04-15 08:50:22,160] After 12800 frames: @ 0.0 fps - Stats:
{'loss': 72.68733215332031, 'mean_episode_return_actor': -0.5450083613395691}
[INFO:17446 deep_mc:249 2022-04-15 08:50:27,165] After 12800 frames: @ 0.0 fps - Stats:
{'loss': 72.68733215332031, 'mean_episode_return_actor': -0.5450083613395691}
[INFO:17446 deep_mc:249 2022-04-15 08:50:32,170] After 12800 frames: @ 0.0 fps - Stats:
{'loss': 72.68733215332031, 'mean_episode_return_actor': -0.5450083613395691}
[INFO:17446 deep_mc:249 2022-04-15 08:50:37,175] After 12800 frames: @ 0.0 fps - Stats:
{'loss': 72.68733215332031, 'mean_episode_return_actor': -0.5450083613395691}
[INFO:17446 deep_mc:249 2022-04-15 08:50:42,180] After 12800 frames: @ 0.0 fps - Stats:
{'loss': 72.68733215332031, 'mean_episode_return_actor': -0.5450083613395691}
[INFO:17446 deep_mc:249 2022-04-15 08:50:47,185] After 12800 frames: @ 0.0 fps - Stats:
{'loss': 72.68733215332031, 'mean_episode_return_actor': -0.5450083613395691}
[INFO:17446 deep_mc:249 2022-04-15 08:50:52,190] After 12800 frames: @ 0.0 fps - Stats:
{'loss': 72.68733215332031, 'mean_episode_return_actor': -0.5450083613395691}
[INFO:17446 deep_mc:249 2022-04-15 08:50:57,195] After 12800 frames: @ 0.0 fps - Stats:
{'loss': 72.68733215332031, 'mean_episode_return_actor': -0.5450083613395691}
[INFO:17446 deep_mc:249 2022-04-15 08:51:02,200] After 16000 frames: @ 639.4 fps - Stats:
{'loss': 78.50822448730469, 'mean_episode_return_actor': -0.5393559336662292}
[INFO:17446 deep_mc:249 2022-04-15 08:51:07,205] After 16000 frames: @ 0.0 fps - Stats:
{'loss': 78.50822448730469, 'mean_episode_return_actor': -0.5393559336662292}
[INFO:17446 deep_mc:249 2022-04-15 08:51:12,210] After 16000 frames: @ 0.0 fps - Stats:
{'loss': 78.50822448730469, 'mean_episode_return_actor': -0.5393559336662292}
[INFO:17446 deep_mc:249 2022-04-15 08:51:17,215] After 16000 frames: @ 0.0 fps - Stats:
{'loss': 78.50822448730469, 'mean_episode_return_actor': -0.5393559336662292}
[INFO:17446 deep_mc:249 2022-04-15 08:51:22,220] After 16000 frames: @ 0.0 fps - Stats:
{'loss': 78.50822448730469, 'mean_episode_return_actor': -0.5393559336662292}
[INFO:17446 deep_mc:249 2022-04-15 08:51:27,225] After 16000 frames: @ 0.0 fps - Stats:
{'loss': 78.50822448730469, 'mean_episode_return_actor': -0.5393559336662292}
[INFO:17446 deep_mc:249 2022-04-15 08:51:32,230] After 16000 frames: @ 0.0 fps - Stats:
{'loss': 78.50822448730469, 'mean_episode_return_actor': -0.5393559336662292}
[INFO:17446 deep_mc:249 2022-04-15 08:51:37,235] After 16000 frames: @ 0.0 fps - Stats:
{'loss': 78.50822448730469, 'mean_episode_return_actor': -0.5393559336662292}
[INFO:17446 deep_mc:249 2022-04-15 08:51:42,240] After 19200 frames: @ 639.4 fps - Stats:
{'loss': 79.53468322753906, 'mean_episode_return_actor': -0.5285723805427551}
[INFO:17446 deep_mc:249 2022-04-15 08:51:47,245] After 19200 frames: @ 0.0 fps - Stats:
{'loss': 79.53468322753906, 'mean_episode_return_actor': -0.5285723805427551}
[INFO:17446 deep_mc:249 2022-04-15 08:51:52,250] After 19200 frames: @ 0.0 fps - Stats:
{'loss': 79.53468322753906, 'mean_episode_return_actor': -0.5285723805427551}
[INFO:17446 deep_mc:249 2022-04-15 08:51:57,255] After 19200 frames: @ 0.0 fps - Stats:
{'loss': 79.53468322753906, 'mean_episode_return_actor': -0.5285723805427551}
[INFO:17446 deep_mc:249 2022-04-15 08:52:02,260] After 19200 frames: @ 0.0 fps - Stats:
{'loss': 79.53468322753906, 'mean_episode_return_actor': -0.5285723805427551}
[INFO:17446 deep_mc:249 2022-04-15 08:52:07,265] After 19200 frames: @ 0.0 fps - Stats:
{'loss': 79.53468322753906, 'mean_episode_return_actor': -0.5285723805427551}
[INFO:17446 deep_mc:249 2022-04-15 08:52:12,270] After 19200 frames: @ 0.0 fps - Stats:
{'loss': 79.53468322753906, 'mean_episode_return_actor': -0.5285723805427551}
[INFO:17446 deep_mc:249 2022-04-15 08:52:17,275] After 19200 frames: @ 0.0 fps - Stats:
{'loss': 79.53468322753906, 'mean_episode_return_actor': -0.5285723805427551}
[INFO:17446 deep_mc:249 2022-04-15 08:52:22,280] After 22400 frames: @ 639.4 fps - Stats:
{'loss': 79.6109848022461, 'mean_episode_return_actor': -0.29283037781715393}
[INFO:17446 deep_mc:249 2022-04-15 08:52:27,285] After 22400 frames: @ 0.0 fps - Stats:
{'loss': 79.6109848022461, 'mean_episode_return_actor': -0.29283037781715393}
[INFO:17446 deep_mc:249 2022-04-15 08:52:32,290] After 22400 frames: @ 0.0 fps - Stats:
{'loss': 79.6109848022461, 'mean_episode_return_actor': -0.29283037781715393}
[INFO:17446 deep_mc:249 2022-04-15 08:52:37,295] After 22400 frames: @ 0.0 fps - Stats:
{'loss': 79.6109848022461, 'mean_episode_return_actor': -0.29283037781715393}
[INFO:17446 deep_mc:249 2022-04-15 08:52:42,300] After 22400 frames: @ 0.0 fps - Stats:
{'loss': 79.6109848022461, 'mean_episode_return_actor': -0.29283037781715393}
[INFO:17446 deep_mc:249 2022-04-15 08:52:47,305] After 22400 frames: @ 0.0 fps - Stats:
{'loss': 79.6109848022461, 'mean_episode_return_actor': -0.29283037781715393}
[INFO:17446 deep_mc:249 2022-04-15 08:52:52,310] After 22400 frames: @ 0.0 fps - Stats:
{'loss': 79.6109848022461, 'mean_episode_return_actor': -0.29283037781715393}
[INFO:17446 deep_mc:249 2022-04-15 08:52:57,315] After 22400 frames: @ 0.0 fps - Stats:
{'loss': 79.6109848022461, 'mean_episode_return_actor': -0.29283037781715393}
[INFO:17446 deep_mc:249 2022-04-15 08:53:02,320] After 25600 frames: @ 639.4 fps - Stats:
{'loss': 77.21650695800781, 'mean_episode_return_actor': -0.2779426574707031}
[INFO:17446 deep_mc:249 2022-04-15 08:53:07,325] After 25600 frames: @ 0.0 fps - Stats:
{'loss': 77.21650695800781, 'mean_episode_return_actor': -0.2779426574707031}
[INFO:17446 deep_mc:249 2022-04-15 08:53:12,330] After 25600 frames: @ 0.0 fps - Stats:
{'loss': 77.21650695800781, 'mean_episode_return_actor': -0.2779426574707031}
[INFO:17446 deep_mc:249 2022-04-15 08:53:17,335] After 25600 frames: @ 0.0 fps - Stats:
{'loss': 77.21650695800781, 'mean_episode_return_actor': -0.2779426574707031}
[INFO:17446 deep_mc:249 2022-04-15 08:53:22,340] After 25600 frames: @ 0.0 fps - Stats:
{'loss': 77.21650695800781, 'mean_episode_return_actor': -0.2779426574707031}
[INFO:17446 deep_mc:249 2022-04-15 08:53:27,345] After 25600 frames: @ 0.0 fps - Stats:
{'loss': 77.21650695800781, 'mean_episode_return_actor': -0.2779426574707031}
[INFO:17446 deep_mc:249 2022-04-15 08:53:32,350] After 25600 frames: @ 0.0 fps - Stats:
{'loss': 77.21650695800781, 'mean_episode_return_actor': -0.2779426574707031}
[INFO:17446 deep_mc:249 2022-04-15 08:53:37,355] After 25600 frames: @ 0.0 fps - Stats:
{'loss': 77.21650695800781, 'mean_episode_return_actor': -0.2779426574707031}
[INFO:17446 deep_mc:249 2022-04-15 08:53:42,360] After 25600 frames: @ 0.0 fps - Stats:
{'loss': 77.21650695800781, 'mean_episode_return_actor': -0.2779426574707031}
[INFO:17446 deep_mc:249 2022-04-15 08:53:47,365] After 28800 frames: @ 639.4 fps - Stats:
{'loss': 75.97142791748047, 'mean_episode_return_actor': -0.1875196099281311}
[INFO:17446 deep_mc:249 2022-04-15 08:53:52,370] After 28800 frames: @ 0.0 fps - Stats:
{'loss': 75.97142791748047, 'mean_episode_return_actor': -0.1875196099281311}
[INFO:17446 deep_mc:249 2022-04-15 08:53:57,375] After 28800 frames: @ 0.0 fps - Stats:
{'loss': 75.97142791748047, 'mean_episode_return_actor': -0.1875196099281311}
[INFO:17446 deep_mc:249 2022-04-15 08:54:02,380] After 28800 frames: @ 0.0 fps - Stats:
{'loss': 75.97142791748047, 'mean_episode_return_actor': -0.1875196099281311}
[INFO:17446 deep_mc:249 2022-04-15 08:54:07,385] After 28800 frames: @ 0.0 fps - Stats:
{'loss': 75.97142791748047, 'mean_episode_return_actor': -0.1875196099281311}
[INFO:17446 deep_mc:249 2022-04-15 08:54:12,390] After 28800 frames: @ 0.0 fps - Stats:
{'loss': 75.97142791748047, 'mean_episode_return_actor': -0.1875196099281311}
[INFO:17446 deep_mc:249 2022-04-15 08:54:17,395] After 28800 frames: @ 0.0 fps - Stats:
{'loss': 75.97142791748047, 'mean_episode_return_actor': -0.1875196099281311}
[INFO:17446 deep_mc:249 2022-04-15 08:54:22,400] After 28800 frames: @ 0.0 fps - Stats:
{'loss': 75.97142791748047, 'mean_episode_return_actor': -0.1875196099281311}
[INFO:17446 deep_mc:249 2022-04-15 08:54:27,405] After 32000 frames: @ 639.4 fps - Stats:
{'loss': 77.93067169189453, 'mean_episode_return_actor': -0.09222444146871567}
[INFO:17446 deep_mc:249 2022-04-15 08:54:32,410] After 32000 frames: @ 0.0 fps - Stats:
{'loss': 77.93067169189453, 'mean_episode_return_actor': -0.09222444146871567}
[INFO:17446 deep_mc:249 2022-04-15 08:54:37,415] After 32000 frames: @ 0.0 fps - Stats:
{'loss': 77.93067169189453, 'mean_episode_return_actor': -0.09222444146871567}
[INFO:17446 deep_mc:249 2022-04-15 08:54:42,420] After 32000 frames: @ 0.0 fps - Stats:
{'loss': 77.93067169189453, 'mean_episode_return_actor': -0.09222444146871567}
[INFO:17446 deep_mc:249 2022-04-15 08:54:47,425] After 32000 frames: @ 0.0 fps - Stats:
{'loss': 77.93067169189453, 'mean_episode_return_actor': -0.09222444146871567}
[INFO:17446 deep_mc:249 2022-04-15 08:54:52,430] After 32000 frames: @ 0.0 fps - Stats:
{'loss': 77.93067169189453, 'mean_episode_return_actor': -0.09222444146871567}
[INFO:17446 deep_mc:249 2022-04-15 08:54:57,435] After 32000 frames: @ 0.0 fps - Stats:
{'loss': 77.93067169189453, 'mean_episode_return_actor': -0.09222444146871567}
[INFO:17446 deep_mc:249 2022-04-15 08:55:02,440] After 32000 frames: @ 0.0 fps - Stats:
{'loss': 77.93067169189453, 'mean_episode_return_actor': -0.09222444146871567}
[INFO:17446 deep_mc:249 2022-04-15 08:55:07,445] After 32000 frames: @ 0.0 fps - Stats:
{'loss': 77.93067169189453, 'mean_episode_return_actor': -0.09222444146871567}
[INFO:17446 deep_mc:249 2022-04-15 08:55:12,450] After 35200 frames: @ 639.4 fps - Stats:
{'loss': 75.46849060058594, 'mean_episode_return_actor': -0.07285554707050323}
[INFO:17446 deep_mc:249 2022-04-15 08:55:17,455] After 35200 frames: @ 0.0 fps - Stats:
{'loss': 75.46849060058594, 'mean_episode_return_actor': -0.07285554707050323}
[INFO:17446 deep_mc:249 2022-04-15 08:55:22,460] After 35200 frames: @ 0.0 fps - Stats:
{'loss': 75.46849060058594, 'mean_episode_return_actor': -0.07285554707050323}
[INFO:17446 deep_mc:249 2022-04-15 08:55:27,465] After 35200 frames: @ 0.0 fps - Stats:
{'loss': 75.46849060058594, 'mean_episode_return_actor': -0.07285554707050323}
[INFO:17446 deep_mc:249 2022-04-15 08:55:32,470] After 35200 frames: @ 0.0 fps - Stats:
{'loss': 75.46849060058594, 'mean_episode_return_actor': -0.07285554707050323}
[INFO:17446 deep_mc:249 2022-04-15 08:55:37,475] After 35200 frames: @ 0.0 fps - Stats:
{'loss': 75.46849060058594, 'mean_episode_return_actor': -0.07285554707050323}
[INFO:17446 deep_mc:249 2022-04-15 08:55:42,480] After 35200 frames: @ 0.0 fps - Stats:
{'loss': 75.46849060058594, 'mean_episode_return_actor': -0.07285554707050323}
[INFO:17446 deep_mc:249 2022-04-15 08:55:47,485] After 35200 frames: @ 0.0 fps - Stats:
{'loss': 75.46849060058594, 'mean_episode_return_actor': -0.07285554707050323}
[INFO:17446 deep_mc:249 2022-04-15 08:55:52,490] After 38400 frames: @ 639.4 fps - Stats:
{'loss': 58.15065383911133, 'mean_episode_return_actor': -0.026348263025283813}
[INFO:17446 deep_mc:249 2022-04-15 08:55:57,495] After 38400 frames: @ 0.0 fps - Stats:
{'loss': 58.15065383911133, 'mean_episode_return_actor': -0.026348263025283813}
[INFO:17446 deep_mc:249 2022-04-15 08:56:02,500] After 38400 frames: @ 0.0 fps - Stats:
{'loss': 58.15065383911133, 'mean_episode_return_actor': -0.026348263025283813}
[INFO:17446 deep_mc:249 2022-04-15 08:56:07,505] After 38400 frames: @ 0.0 fps - Stats:
{'loss': 58.15065383911133, 'mean_episode_return_actor': -0.026348263025283813}
[INFO:17446 deep_mc:249 2022-04-15 08:56:12,510] After 38400 frames: @ 0.0 fps - Stats:
{'loss': 58.15065383911133, 'mean_episode_return_actor': -0.026348263025283813}
[INFO:17446 deep_mc:249 2022-04-15 08:56:17,515] After 38400 frames: @ 0.0 fps - Stats:
{'loss': 58.15065383911133, 'mean_episode_return_actor': -0.026348263025283813}
[INFO:17446 deep_mc:249 2022-04-15 08:56:22,520] After 38400 frames: @ 0.0 fps - Stats:
{'loss': 58.15065383911133, 'mean_episode_return_actor': -0.026348263025283813}
[INFO:17446 deep_mc:249 2022-04-15 08:56:27,525] After 38400 frames: @ 0.0 fps - Stats:
{'loss': 58.15065383911133, 'mean_episode_return_actor': -0.026348263025283813}
[INFO:17446 deep_mc:249 2022-04-15 08:56:32,530] After 41600 frames: @ 639.4 fps - Stats:
{'loss': 63.55695343017578, 'mean_episode_return_actor': -0.08201376348733902}
[INFO:17446 deep_mc:249 2022-04-15 08:56:37,535] After 41600 frames: @ 0.0 fps - Stats:
{'loss': 63.55695343017578, 'mean_episode_return_actor': -0.08201376348733902}
[INFO:17446 deep_mc:249 2022-04-15 08:56:42,540] After 41600 frames: @ 0.0 fps - Stats:
{'loss': 63.55695343017578, 'mean_episode_return_actor': -0.08201376348733902}
[INFO:17446 deep_mc:249 2022-04-15 08:56:47,545] After 41600 frames: @ 0.0 fps - Stats:
{'loss': 63.55695343017578, 'mean_episode_return_actor': -0.08201376348733902}
[INFO:17446 deep_mc:249 2022-04-15 08:56:52,550] After 41600 frames: @ 0.0 fps - Stats:
{'loss': 63.55695343017578, 'mean_episode_return_actor': -0.08201376348733902}
[INFO:17446 deep_mc:249 2022-04-15 08:56:57,555] After 41600 frames: @ 0.0 fps - Stats:
{'loss': 63.55695343017578, 'mean_episode_return_actor': -0.08201376348733902}
[INFO:17446 deep_mc:249 2022-04-15 08:57:02,560] After 41600 frames: @ 0.0 fps - Stats:
{'loss': 63.55695343017578, 'mean_episode_return_actor': -0.08201376348733902}
[INFO:17446 deep_mc:249 2022-04-15 08:57:07,565] After 41600 frames: @ 0.0 fps - Stats:
{'loss': 63.55695343017578, 'mean_episode_return_actor': -0.08201376348733902}
[INFO:17446 deep_mc:249 2022-04-15 08:57:12,570] After 44800 frames: @ 639.4 fps - Stats:
{'loss': 45.58583068847656, 'mean_episode_return_actor': -0.13897834718227386}
[INFO:17446 deep_mc:219 2022-04-15 08:57:17,575] Saving checkpoint to big2rl_checkpoints/big2rl/model.tar
[INFO:17446 deep_mc:249 2022-04-15 08:57:17,919] After 44800 frames: @ 0.0 fps - Stats:
{'loss': 45.58583068847656, 'mean_episode_return_actor': -0.13897834718227386}
[INFO:17446 deep_mc:249 2022-04-15 08:57:22,924] After 44800 frames: @ 0.0 fps - Stats:
{'loss': 45.58583068847656, 'mean_episode_return_actor': -0.13897834718227386}
[INFO:17446 deep_mc:249 2022-04-15 08:57:27,929] After 44800 frames: @ 0.0 fps - Stats:
{'loss': 45.58583068847656, 'mean_episode_return_actor': -0.13897834718227386}
[INFO:17446 deep_mc:249 2022-04-15 08:57:32,934] After 44800 frames: @ 0.0 fps - Stats:
{'loss': 45.58583068847656, 'mean_episode_return_actor': -0.13897834718227386}
[INFO:17446 deep_mc:249 2022-04-15 08:57:37,939] After 44800 frames: @ 0.0 fps - Stats:
{'loss': 45.58583068847656, 'mean_episode_return_actor': -0.13897834718227386}
[INFO:17446 deep_mc:249 2022-04-15 08:57:42,944] After 44800 frames: @ 0.0 fps - Stats:
{'loss': 45.58583068847656, 'mean_episode_return_actor': -0.13897834718227386}
[INFO:17446 deep_mc:249 2022-04-15 08:57:47,949] After 44800 frames: @ 0.0 fps - Stats:
{'loss': 45.58583068847656, 'mean_episode_return_actor': -0.13897834718227386}
[INFO:17446 deep_mc:249 2022-04-15 08:57:52,954] After 44800 frames: @ 0.0 fps - Stats:
{'loss': 45.58583068847656, 'mean_episode_return_actor': -0.13897834718227386}
[INFO:17446 deep_mc:249 2022-04-15 08:57:57,959] After 48000 frames: @ 639.4 fps - Stats:
{'loss': 71.78559112548828, 'mean_episode_return_actor': -0.19976523518562317}
[INFO:17446 deep_mc:249 2022-04-15 08:58:02,964] After 48000 frames: @ 0.0 fps - Stats:
{'loss': 71.78559112548828, 'mean_episode_return_actor': -0.19976523518562317}
[INFO:17446 deep_mc:249 2022-04-15 08:58:07,969] After 48000 frames: @ 0.0 fps - Stats:
{'loss': 71.78559112548828, 'mean_episode_return_actor': -0.19976523518562317}
[INFO:17446 deep_mc:249 2022-04-15 08:58:12,974] After 48000 frames: @ 0.0 fps - Stats:
{'loss': 71.78559112548828, 'mean_episode_return_actor': -0.19976523518562317}
[INFO:17446 deep_mc:249 2022-04-15 08:58:17,979] After 48000 frames: @ 0.0 fps - Stats:
{'loss': 71.78559112548828, 'mean_episode_return_actor': -0.19976523518562317}
[INFO:17446 deep_mc:249 2022-04-15 08:58:22,984] After 48000 frames: @ 0.0 fps - Stats:
{'loss': 71.78559112548828, 'mean_episode_return_actor': -0.19976523518562317}
[INFO:17446 deep_mc:249 2022-04-15 08:58:27,989] After 48000 frames: @ 0.0 fps - Stats:
{'loss': 71.78559112548828, 'mean_episode_return_actor': -0.19976523518562317}
[INFO:17446 deep_mc:249 2022-04-15 08:58:32,994] After 48000 frames: @ 0.0 fps - Stats:
{'loss': 71.78559112548828, 'mean_episode_return_actor': -0.19976523518562317}
[INFO:17446 deep_mc:249 2022-04-15 08:58:37,999] After 51200 frames: @ 639.4 fps - Stats:
{'loss': 41.349647521972656, 'mean_episode_return_actor': -0.20513704419136047}
[INFO:17446 deep_mc:249 2022-04-15 08:58:43,004] After 51200 frames: @ 0.0 fps - Stats:
{'loss': 41.349647521972656, 'mean_episode_return_actor': -0.20513704419136047}
[INFO:17446 deep_mc:249 2022-04-15 08:58:48,009] After 51200 frames: @ 0.0 fps - Stats:
{'loss': 41.349647521972656, 'mean_episode_return_actor': -0.20513704419136047}
[INFO:17446 deep_mc:249 2022-04-15 08:58:53,014] After 51200 frames: @ 0.0 fps - Stats:
{'loss': 41.349647521972656, 'mean_episode_return_actor': -0.20513704419136047}
[INFO:17446 deep_mc:249 2022-04-15 08:58:58,019] After 51200 frames: @ 0.0 fps - Stats:
{'loss': 41.349647521972656, 'mean_episode_return_actor': -0.20513704419136047}
[INFO:17446 deep_mc:249 2022-04-15 08:59:03,024] After 51200 frames: @ 0.0 fps - Stats:
{'loss': 41.349647521972656, 'mean_episode_return_actor': -0.20513704419136047}
[INFO:17446 deep_mc:249 2022-04-15 08:59:08,029] After 51200 frames: @ 0.0 fps - Stats:
{'loss': 41.349647521972656, 'mean_episode_return_actor': -0.20513704419136047}
[INFO:17446 deep_mc:249 2022-04-15 08:59:13,034] After 51200 frames: @ 0.0 fps - Stats:
{'loss': 41.349647521972656, 'mean_episode_return_actor': -0.20513704419136047}
[INFO:17446 deep_mc:249 2022-04-15 08:59:18,039] After 54400 frames: @ 639.4 fps - Stats:
{'loss': 89.25860595703125, 'mean_episode_return_actor': -0.09367039054632187}
[INFO:17446 deep_mc:249 2022-04-15 08:59:23,044] After 54400 frames: @ 0.0 fps - Stats:
{'loss': 89.25860595703125, 'mean_episode_return_actor': -0.09367039054632187}
[INFO:17446 deep_mc:249 2022-04-15 08:59:28,049] After 54400 frames: @ 0.0 fps - Stats:
{'loss': 89.25860595703125, 'mean_episode_return_actor': -0.09367039054632187}
[INFO:17446 deep_mc:249 2022-04-15 08:59:33,054] After 54400 frames: @ 0.0 fps - Stats:
{'loss': 89.25860595703125, 'mean_episode_return_actor': -0.09367039054632187}
[INFO:17446 deep_mc:249 2022-04-15 08:59:38,059] After 54400 frames: @ 0.0 fps - Stats:
{'loss': 89.25860595703125, 'mean_episode_return_actor': -0.09367039054632187}
[INFO:17446 deep_mc:249 2022-04-15 08:59:43,064] After 54400 frames: @ 0.0 fps - Stats:
{'loss': 89.25860595703125, 'mean_episode_return_actor': -0.09367039054632187}
[INFO:17446 deep_mc:249 2022-04-15 08:59:48,069] After 54400 frames: @ 0.0 fps - Stats:
{'loss': 89.25860595703125, 'mean_episode_return_actor': -0.09367039054632187}
[INFO:17446 deep_mc:249 2022-04-15 08:59:53,074] After 54400 frames: @ 0.0 fps - Stats:
{'loss': 89.25860595703125, 'mean_episode_return_actor': -0.09367039054632187}
[INFO:17446 deep_mc:249 2022-04-15 08:59:58,079] After 57600 frames: @ 639.4 fps - Stats:
{'loss': 55.591796875, 'mean_episode_return_actor': -0.08957316726446152}
[INFO:17446 deep_mc:249 2022-04-15 09:00:03,084] After 57600 frames: @ 0.0 fps - Stats:
{'loss': 55.591796875, 'mean_episode_return_actor': -0.08957316726446152}
[INFO:17446 deep_mc:249 2022-04-15 09:00:08,089] After 57600 frames: @ 0.0 fps - Stats:
{'loss': 55.591796875, 'mean_episode_return_actor': -0.08957316726446152}
[INFO:17446 deep_mc:249 2022-04-15 09:00:13,094] After 57600 frames: @ 0.0 fps - Stats:
{'loss': 55.591796875, 'mean_episode_return_actor': -0.08957316726446152}
[INFO:17446 deep_mc:249 2022-04-15 09:00:18,099] After 57600 frames: @ 0.0 fps - Stats:
{'loss': 55.591796875, 'mean_episode_return_actor': -0.08957316726446152}
[INFO:17446 deep_mc:249 2022-04-15 09:00:23,104] After 57600 frames: @ 0.0 fps - Stats:
{'loss': 55.591796875, 'mean_episode_return_actor': -0.08957316726446152}
[INFO:17446 deep_mc:249 2022-04-15 09:00:28,109] After 57600 frames: @ 0.0 fps - Stats:
{'loss': 55.591796875, 'mean_episode_return_actor': -0.08957316726446152}
[INFO:17446 deep_mc:249 2022-04-15 09:00:33,114] After 57600 frames: @ 0.0 fps - Stats:
{'loss': 55.591796875, 'mean_episode_return_actor': -0.08957316726446152}
[INFO:17446 deep_mc:249 2022-04-15 09:00:38,119] After 57600 frames: @ 0.0 fps - Stats:
{'loss': 55.591796875, 'mean_episode_return_actor': -0.08957316726446152}
[INFO:17446 deep_mc:249 2022-04-15 09:00:43,124] After 60800 frames: @ 639.4 fps - Stats:
{'loss': 45.231746673583984, 'mean_episode_return_actor': -0.08659151196479797}
[INFO:17446 deep_mc:249 2022-04-15 09:00:48,129] After 60800 frames: @ 0.0 fps - Stats:
{'loss': 45.231746673583984, 'mean_episode_return_actor': -0.08659151196479797}
[INFO:17446 deep_mc:249 2022-04-15 09:00:53,134] After 60800 frames: @ 0.0 fps - Stats:
{'loss': 45.231746673583984, 'mean_episode_return_actor': -0.08659151196479797}
[INFO:17446 deep_mc:249 2022-04-15 09:00:58,139] After 60800 frames: @ 0.0 fps - Stats:
{'loss': 45.231746673583984, 'mean_episode_return_actor': -0.08659151196479797}
[INFO:17446 deep_mc:249 2022-04-15 09:01:03,144] After 60800 frames: @ 0.0 fps - Stats:
{'loss': 45.231746673583984, 'mean_episode_return_actor': -0.08659151196479797}
[INFO:17446 deep_mc:249 2022-04-15 09:01:08,149] After 60800 frames: @ 0.0 fps - Stats:
{'loss': 45.231746673583984, 'mean_episode_return_actor': -0.08659151196479797}
[INFO:17446 deep_mc:249 2022-04-15 09:01:13,154] After 60800 frames: @ 0.0 fps - Stats:
{'loss': 45.231746673583984, 'mean_episode_return_actor': -0.08659151196479797}
[INFO:17446 deep_mc:249 2022-04-15 09:01:18,159] After 60800 frames: @ 0.0 fps - Stats:
{'loss': 45.231746673583984, 'mean_episode_return_actor': -0.08659151196479797}
[INFO:17446 deep_mc:249 2022-04-15 09:01:23,164] After 64000 frames: @ 639.4 fps - Stats:
{'loss': 55.11856460571289, 'mean_episode_return_actor': -0.10019023716449738}
[INFO:17446 deep_mc:249 2022-04-15 09:01:28,169] After 64000 frames: @ 0.0 fps - Stats:
{'loss': 55.11856460571289, 'mean_episode_return_actor': -0.10019023716449738}
[INFO:17446 deep_mc:249 2022-04-15 09:01:33,174] After 64000 frames: @ 0.0 fps - Stats:
{'loss': 55.11856460571289, 'mean_episode_return_actor': -0.10019023716449738}
[INFO:17446 deep_mc:249 2022-04-15 09:01:38,179] After 64000 frames: @ 0.0 fps - Stats:
{'loss': 55.11856460571289, 'mean_episode_return_actor': -0.10019023716449738}
[INFO:17446 deep_mc:249 2022-04-15 09:01:43,184] After 64000 frames: @ 0.0 fps - Stats:
{'loss': 55.11856460571289, 'mean_episode_return_actor': -0.10019023716449738}
[INFO:17446 deep_mc:249 2022-04-15 09:01:48,189] After 64000 frames: @ 0.0 fps - Stats:
{'loss': 55.11856460571289, 'mean_episode_return_actor': -0.10019023716449738}
[INFO:17446 deep_mc:249 2022-04-15 09:01:53,194] After 64000 frames: @ 0.0 fps - Stats:
{'loss': 55.11856460571289, 'mean_episode_return_actor': -0.10019023716449738}
[INFO:17446 deep_mc:249 2022-04-15 09:01:58,199] After 64000 frames: @ 0.0 fps - Stats:
{'loss': 55.11856460571289, 'mean_episode_return_actor': -0.10019023716449738}
[INFO:17446 deep_mc:249 2022-04-15 09:02:03,204] After 67200 frames: @ 639.4 fps - Stats:
{'loss': 65.2669906616211, 'mean_episode_return_actor': -0.05330201983451843}
[INFO:17446 deep_mc:249 2022-04-15 09:02:08,209] After 67200 frames: @ 0.0 fps - Stats:
{'loss': 65.2669906616211, 'mean_episode_return_actor': -0.05330201983451843}
[INFO:17446 deep_mc:249 2022-04-15 09:02:13,214] After 67200 frames: @ 0.0 fps - Stats:
{'loss': 65.2669906616211, 'mean_episode_return_actor': -0.05330201983451843}
[INFO:17446 deep_mc:249 2022-04-15 09:02:18,219] After 67200 frames: @ 0.0 fps - Stats:
{'loss': 65.2669906616211, 'mean_episode_return_actor': -0.05330201983451843}
[INFO:17446 deep_mc:249 2022-04-15 09:02:23,224] After 67200 frames: @ 0.0 fps - Stats:
{'loss': 65.2669906616211, 'mean_episode_return_actor': -0.05330201983451843}
[INFO:17446 deep_mc:249 2022-04-15 09:02:28,229] After 67200 frames: @ 0.0 fps - Stats:
{'loss': 65.2669906616211, 'mean_episode_return_actor': -0.05330201983451843}
[INFO:17446 deep_mc:249 2022-04-15 09:02:33,234] After 67200 frames: @ 0.0 fps - Stats:
{'loss': 65.2669906616211, 'mean_episode_return_actor': -0.05330201983451843}
[INFO:17446 deep_mc:249 2022-04-15 09:02:38,239] After 67200 frames: @ 0.0 fps - Stats:
{'loss': 65.2669906616211, 'mean_episode_return_actor': -0.05330201983451843}
[INFO:17446 deep_mc:249 2022-04-15 09:02:43,244] After 70400 frames: @ 639.4 fps - Stats:
{'loss': 37.851863861083984, 'mean_episode_return_actor': -0.0518144853413105}
[INFO:17446 deep_mc:249 2022-04-15 09:02:48,249] After 70400 frames: @ 0.0 fps - Stats:
{'loss': 37.851863861083984, 'mean_episode_return_actor': -0.0518144853413105}
[INFO:17446 deep_mc:249 2022-04-15 09:02:53,254] After 70400 frames: @ 0.0 fps - Stats:
{'loss': 37.851863861083984, 'mean_episode_return_actor': -0.0518144853413105}
[INFO:17446 deep_mc:249 2022-04-15 09:02:58,259] After 70400 frames: @ 0.0 fps - Stats:
{'loss': 37.851863861083984, 'mean_episode_return_actor': -0.0518144853413105}
[INFO:17446 deep_mc:249 2022-04-15 09:03:03,264] After 70400 frames: @ 0.0 fps - Stats:
{'loss': 37.851863861083984, 'mean_episode_return_actor': -0.0518144853413105}
[INFO:17446 deep_mc:249 2022-04-15 09:03:08,269] After 70400 frames: @ 0.0 fps - Stats:
{'loss': 37.851863861083984, 'mean_episode_return_actor': -0.0518144853413105}
[INFO:17446 deep_mc:249 2022-04-15 09:03:13,274] After 70400 frames: @ 0.0 fps - Stats:
{'loss': 37.851863861083984, 'mean_episode_return_actor': -0.0518144853413105}
[INFO:17446 deep_mc:249 2022-04-15 09:03:18,279] After 70400 frames: @ 0.0 fps - Stats:
{'loss': 37.851863861083984, 'mean_episode_return_actor': -0.0518144853413105}
[INFO:17446 deep_mc:249 2022-04-15 09:03:23,284] After 73600 frames: @ 639.4 fps - Stats:
{'loss': 61.842247009277344, 'mean_episode_return_actor': -0.025426113978028297}
[INFO:17446 deep_mc:249 2022-04-15 09:03:28,289] After 73600 frames: @ 0.0 fps - Stats:
{'loss': 61.842247009277344, 'mean_episode_return_actor': -0.025426113978028297}
[INFO:17446 deep_mc:249 2022-04-15 09:03:33,294] After 73600 frames: @ 0.0 fps - Stats:
{'loss': 61.842247009277344, 'mean_episode_return_actor': -0.025426113978028297}
[INFO:17446 deep_mc:249 2022-04-15 09:03:38,299] After 73600 frames: @ 0.0 fps - Stats:
{'loss': 61.842247009277344, 'mean_episode_return_actor': -0.025426113978028297}
[INFO:17446 deep_mc:249 2022-04-15 09:03:43,304] After 73600 frames: @ 0.0 fps - Stats:
{'loss': 61.842247009277344, 'mean_episode_return_actor': -0.025426113978028297}
[INFO:17446 deep_mc:249 2022-04-15 09:03:48,309] After 73600 frames: @ 0.0 fps - Stats:
{'loss': 61.842247009277344, 'mean_episode_return_actor': -0.025426113978028297}
[INFO:17446 deep_mc:249 2022-04-15 09:03:53,314] After 73600 frames: @ 0.0 fps - Stats:
{'loss': 61.842247009277344, 'mean_episode_return_actor': -0.025426113978028297}
[INFO:17446 deep_mc:249 2022-04-15 09:03:58,319] After 73600 frames: @ 0.0 fps - Stats:
{'loss': 61.842247009277344, 'mean_episode_return_actor': -0.025426113978028297}
[INFO:17446 deep_mc:249 2022-04-15 09:04:03,324] After 73600 frames: @ 0.0 fps - Stats:
{'loss': 61.842247009277344, 'mean_episode_return_actor': -0.025426113978028297}
[INFO:17446 deep_mc:249 2022-04-15 09:04:08,329] After 76800 frames: @ 639.4 fps - Stats:
{'loss': 47.621360778808594, 'mean_episode_return_actor': -0.02955475263297558}
[INFO:17446 deep_mc:249 2022-04-15 09:04:13,334] After 76800 frames: @ 0.0 fps - Stats:
{'loss': 47.621360778808594, 'mean_episode_return_actor': -0.02955475263297558}
[INFO:17446 deep_mc:249 2022-04-15 09:04:18,339] After 76800 frames: @ 0.0 fps - Stats:
{'loss': 47.621360778808594, 'mean_episode_return_actor': -0.02955475263297558}
[INFO:17446 deep_mc:249 2022-04-15 09:04:23,344] After 76800 frames: @ 0.0 fps - Stats:
{'loss': 47.621360778808594, 'mean_episode_return_actor': -0.02955475263297558}
[INFO:17446 deep_mc:249 2022-04-15 09:04:28,349] After 76800 frames: @ 0.0 fps - Stats:
{'loss': 47.621360778808594, 'mean_episode_return_actor': -0.02955475263297558}
[INFO:17446 deep_mc:249 2022-04-15 09:04:33,354] After 76800 frames: @ 0.0 fps - Stats:
{'loss': 47.621360778808594, 'mean_episode_return_actor': -0.02955475263297558}
[INFO:17446 deep_mc:249 2022-04-15 09:04:38,359] After 76800 frames: @ 0.0 fps - Stats:
{'loss': 47.621360778808594, 'mean_episode_return_actor': -0.02955475263297558}
[INFO:17446 deep_mc:249 2022-04-15 09:04:43,364] After 76800 frames: @ 0.0 fps - Stats:
{'loss': 47.621360778808594, 'mean_episode_return_actor': -0.02955475263297558}
[INFO:17446 deep_mc:249 2022-04-15 09:04:48,369] After 80000 frames: @ 639.4 fps - Stats:
{'loss': 60.61317443847656, 'mean_episode_return_actor': -0.039801131933927536}
[INFO:17446 deep_mc:249 2022-04-15 09:04:53,374] After 80000 frames: @ 0.0 fps - Stats:
{'loss': 60.61317443847656, 'mean_episode_return_actor': -0.039801131933927536}
[INFO:17446 deep_mc:249 2022-04-15 09:04:58,379] After 80000 frames: @ 0.0 fps - Stats:
{'loss': 60.61317443847656, 'mean_episode_return_actor': -0.039801131933927536}
[INFO:17446 deep_mc:249 2022-04-15 09:05:03,384] After 80000 frames: @ 0.0 fps - Stats:
{'loss': 60.61317443847656, 'mean_episode_return_actor': -0.039801131933927536}
[INFO:17446 deep_mc:249 2022-04-15 09:05:08,389] After 80000 frames: @ 0.0 fps - Stats:
{'loss': 60.61317443847656, 'mean_episode_return_actor': -0.039801131933927536}
[INFO:17446 deep_mc:249 2022-04-15 09:05:13,394] After 80000 frames: @ 0.0 fps - Stats:
{'loss': 60.61317443847656, 'mean_episode_return_actor': -0.039801131933927536}
[INFO:17446 deep_mc:249 2022-04-15 09:05:18,399] After 80000 frames: @ 0.0 fps - Stats:
{'loss': 60.61317443847656, 'mean_episode_return_actor': -0.039801131933927536}
[INFO:17446 deep_mc:249 2022-04-15 09:05:23,404] After 80000 frames: @ 0.0 fps - Stats:
{'loss': 60.61317443847656, 'mean_episode_return_actor': -0.039801131933927536}
[INFO:17446 deep_mc:249 2022-04-15 09:05:28,409] After 83200 frames: @ 639.4 fps - Stats:
{'loss': 44.3675422668457, 'mean_episode_return_actor': -0.016051501035690308}
[INFO:17446 deep_mc:249 2022-04-15 09:05:33,414] After 83200 frames: @ 0.0 fps - Stats:
{'loss': 44.3675422668457, 'mean_episode_return_actor': -0.016051501035690308}
[INFO:17446 deep_mc:249 2022-04-15 09:05:38,419] After 83200 frames: @ 0.0 fps - Stats:
{'loss': 44.3675422668457, 'mean_episode_return_actor': -0.016051501035690308}
[INFO:17446 deep_mc:249 2022-04-15 09:05:43,424] After 83200 frames: @ 0.0 fps - Stats:
{'loss': 44.3675422668457, 'mean_episode_return_actor': -0.016051501035690308}
[INFO:17446 deep_mc:249 2022-04-15 09:05:48,429] After 83200 frames: @ 0.0 fps - Stats:
{'loss': 44.3675422668457, 'mean_episode_return_actor': -0.016051501035690308}
[INFO:17446 deep_mc:249 2022-04-15 09:05:53,434] After 83200 frames: @ 0.0 fps - Stats:
{'loss': 44.3675422668457, 'mean_episode_return_actor': -0.016051501035690308}
[INFO:17446 deep_mc:249 2022-04-15 09:05:58,439] After 83200 frames: @ 0.0 fps - Stats:
{'loss': 44.3675422668457, 'mean_episode_return_actor': -0.016051501035690308}
[INFO:17446 deep_mc:249 2022-04-15 09:06:03,444] After 83200 frames: @ 0.0 fps - Stats:
{'loss': 44.3675422668457, 'mean_episode_return_actor': -0.016051501035690308}
[INFO:17446 deep_mc:249 2022-04-15 09:06:08,449] After 83200 frames: @ 0.0 fps - Stats:
{'loss': 44.3675422668457, 'mean_episode_return_actor': -0.016051501035690308}
[INFO:17446 deep_mc:249 2022-04-15 09:06:13,454] After 86400 frames: @ 639.4 fps - Stats:
{'loss': 61.39057922363281, 'mean_episode_return_actor': 0.018121326342225075}
[INFO:17446 deep_mc:249 2022-04-15 09:06:18,459] After 86400 frames: @ 0.0 fps - Stats:
{'loss': 61.39057922363281, 'mean_episode_return_actor': 0.018121326342225075}
[INFO:17446 deep_mc:249 2022-04-15 09:06:23,464] After 86400 frames: @ 0.0 fps - Stats:
{'loss': 61.39057922363281, 'mean_episode_return_actor': 0.018121326342225075}
[INFO:17446 deep_mc:249 2022-04-15 09:06:28,469] After 86400 frames: @ 0.0 fps - Stats:
{'loss': 61.39057922363281, 'mean_episode_return_actor': 0.018121326342225075}
srun: got SIGCONT
srun: Job step aborted: Waiting up to 32 seconds for job step to finish.
slurmstepd: error: *** JOB 617845 ON hhnode-ib-35 CANCELLED AT 2022-04-15T09:06:29 ***
srun: forcing job termination
slurmstepd: error: *** STEP 617845.1 ON hhnode-ib-35 CANCELLED AT 2022-04-15T09:06:29 ***
